2017-09-08T14:05:40+00:00 INFO Queuing 3.1.2 - wc_update_312_shop_manager_capabilities
2017-09-08T14:05:40+00:00 INFO Queuing 3.1.2 - wc_update_312_db_version
2017-09-08T14:05:43+00:00 INFO Running wc_update_312_shop_manager_capabilities callback
2017-09-08T14:05:43+00:00 INFO Finished wc_update_312_shop_manager_capabilities callback
2017-09-08T14:05:43+00:00 INFO Running wc_update_312_db_version callback
2017-09-08T14:05:43+00:00 INFO Finished wc_update_312_db_version callback
2017-09-08T14:05:43+00:00 INFO Data update complete
2017-10-16T11:02:48+00:00 INFO Queuing 3.2.0 - wc_update_320_mexican_states
2017-10-16T11:02:48+00:00 INFO Queuing 3.2.0 - wc_update_320_db_version
2017-10-16T11:02:50+00:00 INFO Running wc_update_320_mexican_states callback
2017-10-16T11:02:51+00:00 INFO Finished wc_update_320_mexican_states callback
2017-10-16T11:02:51+00:00 INFO Running wc_update_320_db_version callback
2017-10-16T11:02:51+00:00 INFO Finished wc_update_320_db_version callback
2017-10-16T11:02:51+00:00 INFO Data update complete
2018-04-13T10:54:51+00:00 INFO Queuing 3.3.0 - wc_update_330_image_options
2018-04-13T10:54:51+00:00 INFO Queuing 3.3.0 - wc_update_330_webhooks
2018-04-13T10:54:51+00:00 INFO Queuing 3.3.0 - wc_update_330_product_stock_status
2018-04-13T10:54:51+00:00 INFO Queuing 3.3.0 - wc_update_330_set_default_product_cat
2018-04-13T10:54:51+00:00 INFO Queuing 3.3.0 - wc_update_330_clear_transients
2018-04-13T10:54:51+00:00 INFO Queuing 3.3.0 - wc_update_330_set_paypal_sandbox_credentials
2018-04-13T10:54:51+00:00 INFO Queuing 3.3.0 - wc_update_330_db_version
2018-04-13T10:54:54+00:00 INFO Running wc_update_330_image_options callback
2018-04-13T10:54:54+00:00 INFO Finished wc_update_330_image_options callback
2018-04-13T10:54:54+00:00 INFO Running wc_update_330_webhooks callback
2018-04-13T10:54:54+00:00 INFO Finished wc_update_330_webhooks callback
2018-04-13T10:54:54+00:00 INFO Running wc_update_330_product_stock_status callback
2018-04-13T10:54:54+00:00 INFO Finished wc_update_330_product_stock_status callback
2018-04-13T10:54:54+00:00 INFO Running wc_update_330_set_default_product_cat callback
2018-04-13T10:54:54+00:00 INFO Finished wc_update_330_set_default_product_cat callback
2018-04-13T10:54:54+00:00 INFO Running wc_update_330_clear_transients callback
2018-04-13T10:54:54+00:00 INFO Finished wc_update_330_clear_transients callback
2018-04-13T10:54:54+00:00 INFO Running wc_update_330_set_paypal_sandbox_credentials callback
2018-04-13T10:54:54+00:00 INFO Finished wc_update_330_set_paypal_sandbox_credentials callback
2018-04-13T10:54:54+00:00 INFO Running wc_update_330_db_version callback
2018-04-13T10:54:54+00:00 INFO Finished wc_update_330_db_version callback
2018-04-13T10:54:54+00:00 INFO Data update complete
